2013-11-04 17:41:05,734 [Worker-21] INFO  o.e.m.c.i.embedder.EclipseLogger - Using 'UTF-8' encoding to copy filtered resources.
2013-11-04 17:41:05,734 [Worker-21] INFO  o.e.m.c.i.embedder.EclipseLogger - skip non existing resourceDirectory /home/andrekor/KramersGeo/KramersGeo/src/main/resources
2013-11-04 17:41:05,736 [Worker-21] INFO  o.e.m.c.i.embedder.EclipseLogger - Using 'UTF-8' encoding to copy filtered resources.
2013-11-04 17:41:05,736 [Worker-21] INFO  o.e.m.c.i.embedder.EclipseLogger - skip non existing resourceDirectory /home/andrekor/KramersGeo/KramersGeo/src/test/resources
2013-11-04 17:41:39,924 [Worker-21] INFO  o.e.m.c.i.embedder.EclipseLogger - Using 'UTF-8' encoding to copy filtered resources.
2013-11-04 17:41:39,924 [Worker-21] INFO  o.e.m.c.i.embedder.EclipseLogger - skip non existing resourceDirectory /home/andrekor/KramersGeo/KramersGeo/src/main/resources
2013-11-04 17:41:39,926 [Worker-21] INFO  o.e.m.c.i.embedder.EclipseLogger - Using 'UTF-8' encoding to copy filtered resources.
2013-11-04 17:41:39,926 [Worker-21] INFO  o.e.m.c.i.embedder.EclipseLogger - skip non existing resourceDirectory /home/andrekor/KramersGeo/KramersGeo/src/test/resources
2013-11-04 17:41:41,737 [Worker-21] INFO  o.e.m.c.i.embedder.EclipseLogger - Using 'UTF-8' encoding to copy filtered resources.
2013-11-04 17:41:41,738 [Worker-21] INFO  o.e.m.c.i.embedder.EclipseLogger - skip non existing resourceDirectory /home/andrekor/KramersGeo/KramersGeo/src/main/resources
2013-11-04 17:41:41,739 [Worker-21] INFO  o.e.m.c.i.embedder.EclipseLogger - Using 'UTF-8' encoding to copy filtered resources.
2013-11-04 17:41:41,739 [Worker-21] INFO  o.e.m.c.i.embedder.EclipseLogger - skip non existing resourceDirectory /home/andrekor/KramersGeo/KramersGeo/src/test/resources
2013-11-04 17:41:43,141 [Worker-22] INFO  o.e.m.c.i.embedder.EclipseLogger - Using 'UTF-8' encoding to copy filtered resources.
2013-11-04 17:41:43,142 [Worker-22] INFO  o.e.m.c.i.embedder.EclipseLogger - skip non existing resourceDirectory /home/andrekor/KramersGeo/KramersGeo/src/main/resources
2013-11-04 17:41:43,146 [Worker-22] INFO  o.e.m.c.i.embedder.EclipseLogger - Using 'UTF-8' encoding to copy filtered resources.
2013-11-04 17:41:43,146 [Worker-22] INFO  o.e.m.c.i.embedder.EclipseLogger - skip non existing resourceDirectory /home/andrekor/KramersGeo/KramersGeo/src/test/resources
2013-11-04 17:43:43,560 [Worker-21] INFO  o.e.m.c.i.embedder.EclipseLogger - Using 'UTF-8' encoding to copy filtered resources.
2013-11-04 17:43:43,560 [Worker-21] INFO  o.e.m.c.i.embedder.EclipseLogger - skip non existing resourceDirectory /home/andrekor/KramersGeo/KramersGeo/src/main/resources
2013-11-04 17:43:43,562 [Worker-21] INFO  o.e.m.c.i.embedder.EclipseLogger - Using 'UTF-8' encoding to copy filtered resources.
2013-11-04 17:43:43,562 [Worker-21] INFO  o.e.m.c.i.embedder.EclipseLogger - skip non existing resourceDirectory /home/andrekor/KramersGeo/KramersGeo/src/test/resources
2013-11-04 17:43:48,738 [Worker-18] INFO  o.e.m.c.i.embedder.EclipseLogger - Using 'UTF-8' encoding to copy filtered resources.
2013-11-04 17:43:48,738 [Worker-18] INFO  o.e.m.c.i.embedder.EclipseLogger - skip non existing resourceDirectory /home/andrekor/KramersGeo/KramersGeo/src/main/resources
2013-11-04 17:43:48,741 [Worker-18] INFO  o.e.m.c.i.embedder.EclipseLogger - Using 'UTF-8' encoding to copy filtered resources.
2013-11-04 17:43:48,741 [Worker-18] INFO  o.e.m.c.i.embedder.EclipseLogger - skip non existing resourceDirectory /home/andrekor/KramersGeo/KramersGeo/src/test/resources
2013-11-04 17:46:08,049 [Worker-20] INFO  o.e.m.c.i.embedder.EclipseLogger - Using 'UTF-8' encoding to copy filtered resources.
2013-11-04 17:46:08,050 [Worker-20] INFO  o.e.m.c.i.embedder.EclipseLogger - skip non existing resourceDirectory /home/andrekor/KramersGeo/KramersGeo/src/main/resources
2013-11-04 17:46:08,052 [Worker-20] INFO  o.e.m.c.i.embedder.EclipseLogger - Using 'UTF-8' encoding to copy filtered resources.
2013-11-04 17:46:08,053 [Worker-20] INFO  o.e.m.c.i.embedder.EclipseLogger - skip non existing resourceDirectory /home/andrekor/KramersGeo/KramersGeo/src/test/resources
2013-11-04 17:46:16,217 [Worker-23] INFO  o.e.m.c.i.embedder.EclipseLogger - Using 'UTF-8' encoding to copy filtered resources.
2013-11-04 17:46:16,217 [Worker-23] INFO  o.e.m.c.i.embedder.EclipseLogger - skip non existing resourceDirectory /home/andrekor/KramersGeo/KramersGeo/src/main/resources
2013-11-04 17:46:16,220 [Worker-23] INFO  o.e.m.c.i.embedder.EclipseLogger - Using 'UTF-8' encoding to copy filtered resources.
2013-11-04 17:46:16,220 [Worker-23] INFO  o.e.m.c.i.embedder.EclipseLogger - skip non existing resourceDirectory /home/andrekor/KramersGeo/KramersGeo/src/test/resources
2013-11-04 18:06:27,754 [Worker-26] INFO  o.e.m.c.i.embedder.EclipseLogger - Using 'UTF-8' encoding to copy filtered resources.
2013-11-04 18:06:27,754 [Worker-26] INFO  o.e.m.c.i.embedder.EclipseLogger - skip non existing resourceDirectory /home/andrekor/KramersGeo/KramersGeo/src/main/resources
2013-11-04 18:06:27,757 [Worker-26] INFO  o.e.m.c.i.embedder.EclipseLogger - Using 'UTF-8' encoding to copy filtered resources.
2013-11-04 18:06:27,757 [Worker-26] INFO  o.e.m.c.i.embedder.EclipseLogger - skip non existing resourceDirectory /home/andrekor/KramersGeo/KramersGeo/src/test/resources
2013-11-04 18:06:36,374 [Worker-26] INFO  o.e.m.c.i.embedder.EclipseLogger - Using 'UTF-8' encoding to copy filtered resources.
2013-11-04 18:06:36,375 [Worker-26] INFO  o.e.m.c.i.embedder.EclipseLogger - skip non existing resourceDirectory /home/andrekor/KramersGeo/KramersGeo/src/main/resources
2013-11-04 18:06:36,376 [Worker-26] INFO  o.e.m.c.i.embedder.EclipseLogger - Using 'UTF-8' encoding to copy filtered resources.
2013-11-04 18:06:36,376 [Worker-26] INFO  o.e.m.c.i.embedder.EclipseLogger - skip non existing resourceDirectory /home/andrekor/KramersGeo/KramersGeo/src/test/resources
2013-11-04 18:06:49,505 [Worker-27] INFO  o.e.m.c.i.embedder.EclipseLogger - Using 'UTF-8' encoding to copy filtered resources.
2013-11-04 18:06:49,506 [Worker-27] INFO  o.e.m.c.i.embedder.EclipseLogger - skip non existing resourceDirectory /home/andrekor/KramersGeo/KramersGeo/src/main/resources
2013-11-04 18:06:49,509 [Worker-27] INFO  o.e.m.c.i.embedder.EclipseLogger - Using 'UTF-8' encoding to copy filtered resources.
2013-11-04 18:06:49,509 [Worker-27] INFO  o.e.m.c.i.embedder.EclipseLogger - skip non existing resourceDirectory /home/andrekor/KramersGeo/KramersGeo/src/test/resources
2013-11-04 18:06:54,195 [Worker-28] INFO  o.e.m.c.i.embedder.EclipseLogger - Using 'UTF-8' encoding to copy filtered resources.
2013-11-04 18:06:54,196 [Worker-28] INFO  o.e.m.c.i.embedder.EclipseLogger - skip non existing resourceDirectory /home/andrekor/KramersGeo/KramersGeo/src/main/resources
2013-11-04 18:06:54,199 [Worker-28] INFO  o.e.m.c.i.embedder.EclipseLogger - Using 'UTF-8' encoding to copy filtered resources.
2013-11-04 18:06:54,199 [Worker-28] INFO  o.e.m.c.i.embedder.EclipseLogger - skip non existing resourceDirectory /home/andrekor/KramersGeo/KramersGeo/src/test/resources
2013-11-04 18:12:16,567 [Worker-28] INFO  o.e.m.c.i.embedder.EclipseLogger - Using 'UTF-8' encoding to copy filtered resources.
2013-11-04 18:12:16,567 [Worker-28] INFO  o.e.m.c.i.embedder.EclipseLogger - skip non existing resourceDirectory /home/andrekor/KramersGeo/KramersGeo/src/main/resources
2013-11-04 18:12:16,570 [Worker-28] INFO  o.e.m.c.i.embedder.EclipseLogger - Using 'UTF-8' encoding to copy filtered resources.
2013-11-04 18:12:16,570 [Worker-28] INFO  o.e.m.c.i.embedder.EclipseLogger - skip non existing resourceDirectory /home/andrekor/KramersGeo/KramersGeo/src/test/resources
2013-11-04 18:13:30,453 [Worker-33] INFO  o.e.m.c.i.embedder.EclipseLogger - Using 'UTF-8' encoding to copy filtered resources.
2013-11-04 18:13:30,454 [Worker-33] INFO  o.e.m.c.i.embedder.EclipseLogger - skip non existing resourceDirectory /home/andrekor/KramersGeo/KramersGeo/src/main/resources
2013-11-04 18:13:30,458 [Worker-33] INFO  o.e.m.c.i.embedder.EclipseLogger - Using 'UTF-8' encoding to copy filtered resources.
2013-11-04 18:13:30,458 [Worker-33] INFO  o.e.m.c.i.embedder.EclipseLogger - skip non existing resourceDirectory /home/andrekor/KramersGeo/KramersGeo/src/test/resources
2013-11-04 18:18:22,309 [Worker-27] INFO  o.e.m.c.i.embedder.EclipseLogger - Using 'UTF-8' encoding to copy filtered resources.
2013-11-04 18:18:22,309 [Worker-27] INFO  o.e.m.c.i.embedder.EclipseLogger - skip non existing resourceDirectory /home/andrekor/KramersGeo/KramersGeo/src/main/resources
2013-11-04 18:18:22,311 [Worker-27] INFO  o.e.m.c.i.embedder.EclipseLogger - Using 'UTF-8' encoding to copy filtered resources.
2013-11-04 18:18:22,311 [Worker-27] INFO  o.e.m.c.i.embedder.EclipseLogger - skip non existing resourceDirectory /home/andrekor/KramersGeo/KramersGeo/src/test/resources
2013-11-04 18:27:28,042 [main] ERROR o.e.m.c.i.p.r.ProjectRegistryReader - Can't write workspace state
java.io.FileNotFoundException: /home/andrekor/KramersGeo/.metadata/.plugins/org.eclipse.m2e.core/workspaceState.ser (No such file or directory)
	at java.io.FileOutputStream.open(Native Method) ~[na:1.6.0_27]
	at java.io.FileOutputStream.<init>(FileOutputStream.java:209) ~[na:1.6.0_27]
	at java.io.FileOutputStream.<init>(FileOutputStream.java:160) ~[na:1.6.0_27]
	at org.eclipse.m2e.core.internal.project.registry.ProjectRegistryReader.writeWorkspaceState(ProjectRegistryReader.java:127) ~[org.eclipse.m2e.core_1.4.0.20130601-0317.jar:na]
	at org.eclipse.m2e.core.internal.project.registry.ProjectRegistryManager.writeWorkspaceState(ProjectRegistryManager.java:870) [org.eclipse.m2e.core_1.4.0.20130601-0317.jar:na]
	at org.eclipse.m2e.core.internal.MavenPluginActivator.stop(MavenPluginActivator.java:274) [org.eclipse.m2e.core_1.4.0.20130601-0317.jar:na]
	at org.eclipse.osgi.framework.internal.core.BundleContextImpl$2.run(BundleContextImpl.java:771) [org.eclipse.osgi_3.9.0.v20130529-1710.jar:na]
	at java.security.AccessController.doPrivileged(Native Method) [na:1.6.0_27]
	at org.eclipse.osgi.framework.internal.core.BundleContextImpl.stop(BundleContextImpl.java:764) [org.eclipse.osgi_3.9.0.v20130529-1710.jar:na]
	at org.eclipse.osgi.framework.internal.core.BundleHost.stopWorker(BundleHost.java:510) [org.eclipse.osgi_3.9.0.v20130529-1710.jar:na]
	at org.eclipse.osgi.framework.internal.core.AbstractBundle.suspend(AbstractBundle.java:566) [org.eclipse.osgi_3.9.0.v20130529-1710.jar:na]
	at org.eclipse.osgi.framework.internal.core.Framework.suspendBundle(Framework.java:1206) [org.eclipse.osgi_3.9.0.v20130529-1710.jar:na]
	at org.eclipse.osgi.framework.internal.core.StartLevelManager.decFWSL(StartLevelManager.java:592) [org.eclipse.osgi_3.9.0.v20130529-1710.jar:na]
	at org.eclipse.osgi.framework.internal.core.StartLevelManager.doSetStartLevel(StartLevelManager.java:257) [org.eclipse.osgi_3.9.0.v20130529-1710.jar:na]
	at org.eclipse.osgi.framework.internal.core.StartLevelManager.shutdown(StartLevelManager.java:215) [org.eclipse.osgi_3.9.0.v20130529-1710.jar:na]
	at org.eclipse.osgi.framework.internal.core.InternalSystemBundle.suspend(InternalSystemBundle.java:284) [org.eclipse.osgi_3.9.0.v20130529-1710.jar:na]
	at org.eclipse.osgi.framework.internal.core.Framework.shutdown(Framework.java:692) [org.eclipse.osgi_3.9.0.v20130529-1710.jar:na]
	at org.eclipse.osgi.framework.internal.core.Framework.close(Framework.java:600) [org.eclipse.osgi_3.9.0.v20130529-1710.jar:na]
	at org.eclipse.core.runtime.adaptor.EclipseStarter.shutdown(EclipseStarter.java:400) [org.eclipse.osgi_3.9.0.v20130529-1710.jar:na]
	at org.eclipse.core.runtime.adaptor.EclipseStarter.run(EclipseStarter.java:200) [org.eclipse.osgi_3.9.0.v20130529-1710.jar:na]
	at sun.reflect.NativeMethodAccessorImpl.invoke0(Native Method) ~[na:1.6.0_27]
	at sun.reflect.NativeMethodAccessorImpl.invoke(NativeMethodAccessorImpl.java:57) ~[na:1.6.0_27]
	at sun.reflect.DelegatingMethodAccessorImpl.invoke(DelegatingMethodAccessorImpl.java:43) ~[na:1.6.0_27]
	at java.lang.reflect.Method.invoke(Method.java:616) ~[na:1.6.0_27]
	at org.eclipse.equinox.launcher.Main.invokeFramework(Main.java:636) [org.eclipse.equinox.launcher_1.3.0.v20130327-1440.jar:na]
	at org.eclipse.equinox.launcher.Main.basicRun(Main.java:591) [org.eclipse.equinox.launcher_1.3.0.v20130327-1440.jar:na]
	at org.eclipse.equinox.launcher.Main.run(Main.java:1450) [org.eclipse.equinox.launcher_1.3.0.v20130327-1440.jar:na]
